<?xml version="1.0" encoding="UTF-8"?>
<!-- Generated by org.testng.reporters.JUnitReportReporter -->
<testsuite skipped="0" hostname="DESKTOP-R1G3KS9" name="Mavenjava.APITest" tests="2" failures="0" timestamp="2021-11-06T14:25:09 EDT" time="0.019" errors="0">
  <testcase name="ElementAutomation" time="0.001" classname="Mavenjava.APITest"/>
  <system-out/>
  <testcase name="BrowserAutomation" time="0.018" classname="Mavenjava.APITest"/>
  <system-out/>
</testsuite> <!-- Mavenjava.APITest -->
