<?xml version="1.0" encoding="UTF-8"?>
<!-- Generated by org.testng.reporters.JUnitReportReporter -->
<testsuite skipped="0" hostname="DESKTOP-R1G3KS9" name="Mavenjava.SeleniumTest" tests="2" failures="0" timestamp="2021-11-07T11:39:04 EST" time="3.192" errors="0">
  <testcase name="ElementsAutomation" time="0.006" classname="Mavenjava.SeleniumTest"/>
  <system-out/>
  <testcase name="getWebsite" time="3.186" classname="Mavenjava.SeleniumTest"/>
  <system-out/>
</testsuite> <!-- Mavenjava.SeleniumTest -->
