<?xml version="1.0" encoding="UTF-8"?>
<!-- Generated by org.testng.reporters.JUnitReportReporter -->
<testsuite skipped="0" hostname="DESKTOP-R1G3KS9" name="Mavenjava.SeleniumTest" tests="2" failures="0" timestamp="2021-11-08T11:10:24 EST" time="8.413" errors="0">
  <testcase name="getWebsite" time="3.487" classname="Mavenjava.SeleniumTest"/>
  <system-out/>
  <testcase name="ElementsAutomation" time="4.926" classname="Mavenjava.SeleniumTest"/>
  <system-out/>
</testsuite> <!-- Mavenjava.SeleniumTest -->
