<?xml version="1.0" encoding="UTF-8"?>
<!-- Generated by org.testng.reporters.JUnitReportReporter -->
<testsuite skipped="0" hostname="DESKTOP-R1G3KS9" name="Mavenjava.APITest" tests="2" failures="0" timestamp="2021-11-08T11:10:24 EST" time="0.000" errors="0">
  <testcase name="BrowserAutomation" time="0.000" classname="Mavenjava.APITest"/>
  <system-out/>
  <testcase name="ElementAutomation" time="0.000" classname="Mavenjava.APITest"/>
  <system-out/>
</testsuite> <!-- Mavenjava.APITest -->
