<?xml version="1.0" encoding="UTF-8"?>
<!-- Generated by org.testng.reporters.JUnitReportReporter -->
<testsuite skipped="0" hostname="DESKTOP-R1G3KS9" name="Mavenjava.AppiumTest" tests="2" failures="0" timestamp="2021-11-08T11:10:24 EST" time="0.008" errors="0">
  <testcase name="ElemenAutomation" time="0.000" classname="Mavenjava.AppiumTest"/>
  <system-out/>
  <testcase name="BrowseAutomation" time="0.008" classname="Mavenjava.AppiumTest"/>
  <system-out/>
</testsuite> <!-- Mavenjava.AppiumTest -->
